{"/mnt/c/Users/jonat/OneDrive/Documents/React Projects/moodify/backend/app.js": {"path":"/mnt/c/Users/jonat/OneDrive/Documents/React Projects/moodify/backend/app.js","statementMap":{"0":{"start":{"line":1,"column":16},"end":{"line":1,"column":34}},"1":{"start":{"line":2,"column":13},"end":{"line":2,"column":28}},"2":{"start":{"line":3,"column":16},"end":{"line":3,"column":42}},"3":{"start":{"line":4,"column":17},"end":{"line":4,"column":36}},"4":{"start":{"line":5,"column":12},"end":{"line":5,"column":21}},"5":{"start":{"line":6,"column":0},"end":{"line":6,"column":32}},"6":{"start":{"line":7,"column":13},"end":{"line":7,"column":28}},"7":{"start":{"line":8,"column":21},"end":{"line":8,"column":45}},"8":{"start":{"line":9,"column":20},"end":{"line":9,"column":50}},"9":{"start":{"line":10,"column":20},"end":{"line":10,"column":52}},"10":{"start":{"line":12,"column":19},"end":{"line":12,"column":48}},"11":{"start":{"line":13,"column":15},"end":{"line":13,"column":40}},"12":{"start":{"line":14,"column":15},"end":{"line":14,"column":40}},"13":{"start":{"line":15,"column":0},"end":{"line":15,"column":35}},"14":{"start":{"line":17,"column":0},"end":{"line":17,"column":49}},"15":{"start":{"line":19,"column":0},"end":{"line":26,"column":4}},"16":{"start":{"line":22,"column":2},"end":{"line":22,"column":38}},"17":{"start":{"line":25,"column":2},"end":{"line":25,"column":62}},"18":{"start":{"line":28,"column":0},"end":{"line":28,"column":16}},"19":{"start":{"line":29,"column":0},"end":{"line":29,"column":24}},"20":{"start":{"line":30,"column":0},"end":{"line":30,"column":54}},"21":{"start":{"line":31,"column":0},"end":{"line":31,"column":24}},"22":{"start":{"line":33,"column":0},"end":{"line":43,"column":2}},"23":{"start":{"line":44,"column":0},"end":{"line":44,"column":35}},"24":{"start":{"line":46,"column":0},"end":{"line":46,"column":34}},"25":{"start":{"line":47,"column":0},"end":{"line":47,"column":61}},"26":{"start":{"line":49,"column":0},"end":{"line":51,"column":3}},"27":{"start":{"line":50,"column":1},"end":{"line":50,"column":58}},"28":{"start":{"line":53,"column":0},"end":{"line":53,"column":21}}},"fnMap":{"0":{"name":"(anonymous_0)","decl":{"start":{"line":21,"column":7},"end":{"line":21,"column":8}},"loc":{"start":{"line":21,"column":13},"end":{"line":23,"column":2}},"line":21},"1":{"name":"(anonymous_1)","decl":{"start":{"line":24,"column":8},"end":{"line":24,"column":9}},"loc":{"start":{"line":24,"column":19},"end":{"line":26,"column":2}},"line":24},"2":{"name":"(anonymous_2)","decl":{"start":{"line":49,"column":14},"end":{"line":49,"column":15}},"loc":{"start":{"line":49,"column":28},"end":{"line":51,"column":1}},"line":49}},"branchMap":{},"s":{"0":1,"1":1,"2":1,"3":1,"4":1,"5":1,"6":1,"7":1,"8":1,"9":1,"10":1,"11":1,"12":1,"13":1,"14":1,"15":1,"16":1,"17":0,"18":1,"19":1,"20":1,"21":1,"22":1,"23":1,"24":1,"25":1,"26":1,"27":0,"28":1},"f":{"0":1,"1":0,"2":0},"b":{},"_coverageSchema":"1a1c01bbd47fc00a2c39e90264f33305004495a9","hash":"b65f9f4ac69288d60fe0d6280709857275e7f88e"}
,"/mnt/c/Users/jonat/OneDrive/Documents/React Projects/moodify/backend/controllers/entries.js": {"path":"/mnt/c/Users/jonat/OneDrive/Documents/React Projects/moodify/backend/controllers/entries.js","statementMap":{"0":{"start":{"line":1,"column":20},"end":{"line":1,"column":47}},"1":{"start":{"line":2,"column":14},"end":{"line":2,"column":40}},"2":{"start":{"line":3,"column":13},"end":{"line":3,"column":38}},"3":{"start":{"line":4,"column":18},"end":{"line":4,"column":44}},"4":{"start":{"line":12,"column":4},"end":{"line":12,"column":39}},"5":{"start":{"line":15,"column":0},"end":{"line":23,"column":3}},"6":{"start":{"line":16,"column":14},"end":{"line":16,"column":22}},"7":{"start":{"line":18,"column":17},"end":{"line":20,"column":3}},"8":{"start":{"line":22,"column":1},"end":{"line":22,"column":31}},"9":{"start":{"line":26,"column":0},"end":{"line":80,"column":3}},"10":{"start":{"line":27,"column":12},"end":{"line":27,"column":25}},"11":{"start":{"line":28,"column":1},"end":{"line":79,"column":2}},"12":{"start":{"line":29,"column":16},"end":{"line":29,"column":47}},"13":{"start":{"line":30,"column":2},"end":{"line":32,"column":3}},"14":{"start":{"line":31,"column":3},"end":{"line":31,"column":75}},"15":{"start":{"line":33,"column":2},"end":{"line":37,"column":3}},"16":{"start":{"line":34,"column":3},"end":{"line":36,"column":66}},"17":{"start":{"line":39,"column":2},"end":{"line":74,"column":3}},"18":{"start":{"line":40,"column":3},"end":{"line":73,"column":4}},"19":{"start":{"line":44,"column":8},"end":{"line":44,"column":55}},"20":{"start":{"line":46,"column":4},"end":{"line":50,"column":5}},"21":{"start":{"line":47,"column":5},"end":{"line":47,"column":71}},"22":{"start":{"line":48,"column":5},"end":{"line":48,"column":24}},"23":{"start":{"line":49,"column":5},"end":{"line":49,"column":61}},"24":{"start":{"line":51,"column":27},"end":{"line":51,"column":62}},"25":{"start":{"line":51,"column":51},"end":{"line":51,"column":61}},"26":{"start":{"line":52,"column":27},"end":{"line":52,"column":56}},"27":{"start":{"line":52,"column":51},"end":{"line":52,"column":55}},"28":{"start":{"line":53,"column":27},"end":{"line":55,"column":5}},"29":{"start":{"line":54,"column":5},"end":{"line":54,"column":31}},"30":{"start":{"line":58,"column":4},"end":{"line":69,"column":5}},"31":{"start":{"line":62,"column":5},"end":{"line":66,"column":7}},"32":{"start":{"line":67,"column":5},"end":{"line":67,"column":24}},"33":{"start":{"line":68,"column":5},"end":{"line":68,"column":73}},"34":{"start":{"line":71,"column":4},"end":{"line":71,"column":76}},"35":{"start":{"line":72,"column":4},"end":{"line":72,"column":72}},"36":{"start":{"line":76,"column":2},"end":{"line":76,"column":71}},"37":{"start":{"line":78,"column":2},"end":{"line":78,"column":76}},"38":{"start":{"line":83,"column":0},"end":{"line":157,"column":3}},"39":{"start":{"line":84,"column":14},"end":{"line":84,"column":22}},"40":{"start":{"line":85,"column":15},"end":{"line":85,"column":24}},"41":{"start":{"line":86,"column":59},"end":{"line":86,"column":67}},"42":{"start":{"line":87,"column":1},"end":{"line":156,"column":2}},"43":{"start":{"line":88,"column":17},"end":{"line":88,"column":1843}},"44":{"start":{"line":89,"column":17},"end":{"line":89,"column":52}},"45":{"start":{"line":90,"column":19},"end":{"line":90,"column":34}},"46":{"start":{"line":91,"column":23},"end":{"line":91,"column":38}},"47":{"start":{"line":92,"column":21},"end":{"line":92,"column":41}},"48":{"start":{"line":93,"column":23},"end":{"line":105,"column":3}},"49":{"start":{"line":106,"column":2},"end":{"line":108,"column":3}},"50":{"start":{"line":106,"column":50},"end":{"line":106,"column":67}},"51":{"start":{"line":107,"column":3},"end":{"line":107,"column":77}},"52":{"start":{"line":109,"column":2},"end":{"line":109,"column":41}},"53":{"start":{"line":111,"column":26},"end":{"line":116,"column":3}},"54":{"start":{"line":118,"column":2},"end":{"line":122,"column":3}},"55":{"start":{"line":119,"column":3},"end":{"line":121,"column":63}},"56":{"start":{"line":123,"column":2},"end":{"line":123,"column":31}},"57":{"start":{"line":124,"column":16},"end":{"line":144,"column":4}},"58":{"start":{"line":129,"column":50},"end":{"line":143,"column":4}},"59":{"start":{"line":132,"column":44},"end":{"line":135,"column":5}},"60":{"start":{"line":146,"column":2},"end":{"line":146,"column":49}},"61":{"start":{"line":147,"column":21},"end":{"line":147,"column":39}},"62":{"start":{"line":149,"column":2},"end":{"line":149,"column":63}},"63":{"start":{"line":150,"column":2},"end":{"line":150,"column":20}},"64":{"start":{"line":152,"column":2},"end":{"line":152,"column":35}},"65":{"start":{"line":154,"column":2},"end":{"line":154,"column":21}},"66":{"start":{"line":155,"column":2},"end":{"line":155,"column":43}},"67":{"start":{"line":160,"column":0},"end":{"line":242,"column":3}},"68":{"start":{"line":161,"column":16},"end":{"line":161,"column":26}},"69":{"start":{"line":162,"column":28},"end":{"line":162,"column":36}},"70":{"start":{"line":163,"column":15},"end":{"line":163,"column":24}},"71":{"start":{"line":164,"column":14},"end":{"line":164,"column":22}},"72":{"start":{"line":166,"column":1},"end":{"line":168,"column":2}},"73":{"start":{"line":167,"column":2},"end":{"line":167,"column":78}},"74":{"start":{"line":170,"column":1},"end":{"line":241,"column":2}},"75":{"start":{"line":171,"column":22},"end":{"line":171,"column":53}},"76":{"start":{"line":173,"column":2},"end":{"line":175,"column":3}},"77":{"start":{"line":174,"column":3},"end":{"line":174,"column":61}},"78":{"start":{"line":178,"column":2},"end":{"line":190,"column":3}},"79":{"start":{"line":179,"column":22},"end":{"line":179,"column":45}},"80":{"start":{"line":180,"column":20},"end":{"line":180,"column":56}},"81":{"start":{"line":181,"column":3},"end":{"line":189,"column":4}},"82":{"start":{"line":182,"column":4},"end":{"line":187,"column":6}},"83":{"start":{"line":188,"column":4},"end":{"line":188,"column":29}},"84":{"start":{"line":192,"column":2},"end":{"line":237,"column":3}},"85":{"start":{"line":193,"column":23},"end":{"line":198,"column":4}},"86":{"start":{"line":200,"column":37},"end":{"line":204,"column":4}},"87":{"start":{"line":206,"column":3},"end":{"line":211,"column":5}},"88":{"start":{"line":213,"column":3},"end":{"line":213,"column":28}},"89":{"start":{"line":215,"column":3},"end":{"line":219,"column":6}},"90":{"start":{"line":221,"column":37},"end":{"line":225,"column":4}},"91":{"start":{"line":227,"column":3},"end":{"line":227,"column":56}},"92":{"start":{"line":228,"column":3},"end":{"line":228,"column":44}},"93":{"start":{"line":230,"column":3},"end":{"line":230,"column":28}},"94":{"start":{"line":232,"column":3},"end":{"line":236,"column":6}},"95":{"start":{"line":239,"column":2},"end":{"line":239,"column":61}},"96":{"start":{"line":240,"column":2},"end":{"line":240,"column":70}},"97":{"start":{"line":244,"column":0},"end":{"line":264,"column":3}},"98":{"start":{"line":245,"column":14},"end":{"line":245,"column":22}},"99":{"start":{"line":247,"column":15},"end":{"line":247,"column":50}},"100":{"start":{"line":248,"column":1},"end":{"line":250,"column":2}},"101":{"start":{"line":249,"column":2},"end":{"line":249,"column":60}},"102":{"start":{"line":252,"column":1},"end":{"line":256,"column":2}},"103":{"start":{"line":253,"column":2},"end":{"line":255,"column":67}},"104":{"start":{"line":258,"column":1},"end":{"line":260,"column":4}},"105":{"start":{"line":262,"column":1},"end":{"line":262,"column":46}},"106":{"start":{"line":263,"column":1},"end":{"line":263,"column":23}},"107":{"start":{"line":266,"column":0},"end":{"line":266,"column":29}}},"fnMap":{"0":{"name":"(anonymous_0)","decl":{"start":{"line":15,"column":21},"end":{"line":15,"column":22}},"loc":{"start":{"line":15,"column":41},"end":{"line":23,"column":1}},"line":15},"1":{"name":"(anonymous_1)","decl":{"start":{"line":26,"column":24},"end":{"line":26,"column":25}},"loc":{"start":{"line":26,"column":44},"end":{"line":80,"column":1}},"line":26},"2":{"name":"(anonymous_2)","decl":{"start":{"line":51,"column":44},"end":{"line":51,"column":45}},"loc":{"start":{"line":51,"column":51},"end":{"line":51,"column":61}},"line":51},"3":{"name":"(anonymous_3)","decl":{"start":{"line":52,"column":44},"end":{"line":52,"column":45}},"loc":{"start":{"line":52,"column":51},"end":{"line":52,"column":55}},"line":52},"4":{"name":"(anonymous_4)","decl":{"start":{"line":53,"column":49},"end":{"line":53,"column":50}},"loc":{"start":{"line":54,"column":5},"end":{"line":54,"column":31}},"line":54},"5":{"name":"(anonymous_5)","decl":{"start":{"line":83,"column":22},"end":{"line":83,"column":23}},"loc":{"start":{"line":83,"column":42},"end":{"line":157,"column":1}},"line":83},"6":{"name":"(anonymous_6)","decl":{"start":{"line":106,"column":41},"end":{"line":106,"column":42}},"loc":{"start":{"line":106,"column":50},"end":{"line":106,"column":67}},"line":106},"7":{"name":"(anonymous_7)","decl":{"start":{"line":129,"column":38},"end":{"line":129,"column":39}},"loc":{"start":{"line":129,"column":50},"end":{"line":143,"column":4}},"line":129},"8":{"name":"(anonymous_8)","decl":{"start":{"line":132,"column":31},"end":{"line":132,"column":32}},"loc":{"start":{"line":132,"column":44},"end":{"line":135,"column":5}},"line":132},"9":{"name":"(anonymous_9)","decl":{"start":{"line":160,"column":24},"end":{"line":160,"column":25}},"loc":{"start":{"line":160,"column":44},"end":{"line":242,"column":1}},"line":160},"10":{"name":"(anonymous_10)","decl":{"start":{"line":244,"column":27},"end":{"line":244,"column":28}},"loc":{"start":{"line":244,"column":47},"end":{"line":264,"column":1}},"line":244}},"branchMap":{"0":{"loc":{"start":{"line":30,"column":2},"end":{"line":32,"column":3}},"type":"if","locations":[{"start":{"line":30,"column":2},"end":{"line":32,"column":3}},{"start":{},"end":{}}],"line":30},"1":{"loc":{"start":{"line":33,"column":2},"end":{"line":37,"column":3}},"type":"if","locations":[{"start":{"line":33,"column":2},"end":{"line":37,"column":3}},{"start":{},"end":{}}],"line":33},"2":{"loc":{"start":{"line":39,"column":2},"end":{"line":74,"column":3}},"type":"if","locations":[{"start":{"line":39,"column":2},"end":{"line":74,"column":3}},{"start":{},"end":{}}],"line":39},"3":{"loc":{"start":{"line":46,"column":4},"end":{"line":50,"column":5}},"type":"if","locations":[{"start":{"line":46,"column":4},"end":{"line":50,"column":5}},{"start":{},"end":{}}],"line":46},"4":{"loc":{"start":{"line":58,"column":4},"end":{"line":69,"column":5}},"type":"if","locations":[{"start":{"line":58,"column":4},"end":{"line":69,"column":5}},{"start":{},"end":{}}],"line":58},"5":{"loc":{"start":{"line":59,"column":5},"end":{"line":60,"column":66}},"type":"binary-expr","locations":[{"start":{"line":59,"column":5},"end":{"line":59,"column":44}},{"start":{"line":60,"column":5},"end":{"line":60,"column":66}}],"line":59},"6":{"loc":{"start":{"line":71,"column":49},"end":{"line":71,"column":74}},"type":"binary-expr","locations":[{"start":{"line":71,"column":49},"end":{"line":71,"column":67}},{"start":{"line":71,"column":71},"end":{"line":71,"column":74}}],"line":71},"7":{"loc":{"start":{"line":106,"column":2},"end":{"line":108,"column":3}},"type":"if","locations":[{"start":{"line":106,"column":2},"end":{"line":108,"column":3}},{"start":{},"end":{}}],"line":106},"8":{"loc":{"start":{"line":106,"column":6},"end":{"line":106,"column":68}},"type":"binary-expr","locations":[{"start":{"line":106,"column":6},"end":{"line":106,"column":17}},{"start":{"line":106,"column":21},"end":{"line":106,"column":68}}],"line":106},"9":{"loc":{"start":{"line":118,"column":2},"end":{"line":122,"column":3}},"type":"if","locations":[{"start":{"line":118,"column":2},"end":{"line":122,"column":3}},{"start":{},"end":{}}],"line":118},"10":{"loc":{"start":{"line":166,"column":1},"end":{"line":168,"column":2}},"type":"if","locations":[{"start":{"line":166,"column":1},"end":{"line":168,"column":2}},{"start":{},"end":{}}],"line":166},"11":{"loc":{"start":{"line":173,"column":2},"end":{"line":175,"column":3}},"type":"if","locations":[{"start":{"line":173,"column":2},"end":{"line":175,"column":3}},{"start":{},"end":{}}],"line":173},"12":{"loc":{"start":{"line":178,"column":2},"end":{"line":190,"column":3}},"type":"if","locations":[{"start":{"line":178,"column":2},"end":{"line":190,"column":3}},{"start":{},"end":{}}],"line":178},"13":{"loc":{"start":{"line":178,"column":6},"end":{"line":178,"column":53}},"type":"binary-expr","locations":[{"start":{"line":178,"column":6},"end":{"line":178,"column":26}},{"start":{"line":178,"column":30},"end":{"line":178,"column":53}}],"line":178},"14":{"loc":{"start":{"line":181,"column":3},"end":{"line":189,"column":4}},"type":"if","locations":[{"start":{"line":181,"column":3},"end":{"line":189,"column":4}},{"start":{},"end":{}}],"line":181},"15":{"loc":{"start":{"line":192,"column":2},"end":{"line":237,"column":3}},"type":"if","locations":[{"start":{"line":192,"column":2},"end":{"line":237,"column":3}},{"start":{"line":220,"column":9},"end":{"line":237,"column":3}}],"line":192},"16":{"loc":{"start":{"line":192,"column":6},"end":{"line":192,"column":55}},"type":"binary-expr","locations":[{"start":{"line":192,"column":6},"end":{"line":192,"column":27}},{"start":{"line":192,"column":31},"end":{"line":192,"column":55}}],"line":192},"17":{"loc":{"start":{"line":248,"column":1},"end":{"line":250,"column":2}},"type":"if","locations":[{"start":{"line":248,"column":1},"end":{"line":250,"column":2}},{"start":{},"end":{}}],"line":248},"18":{"loc":{"start":{"line":252,"column":1},"end":{"line":256,"column":2}},"type":"if","locations":[{"start":{"line":252,"column":1},"end":{"line":256,"column":2}},{"start":{},"end":{}}],"line":252}},"s":{"0":1,"1":1,"2":1,"3":1,"4":1,"5":1,"6":1,"7":1,"8":1,"9":1,"10":5,"11":5,"12":5,"13":5,"14":1,"15":4,"16":1,"17":3,"18":2,"19":2,"20":2,"21":1,"22":1,"23":1,"24":1,"25":2,"26":1,"27":2,"28":1,"29":2,"30":1,"31":1,"32":1,"33":1,"34":0,"35":0,"36":1,"37":0,"38":1,"39":1,"40":1,"41":1,"42":1,"43":1,"44":1,"45":0,"46":0,"47":0,"48":0,"49":0,"50":0,"51":0,"52":0,"53":0,"54":0,"55":0,"56":0,"57":0,"58":0,"59":0,"60":0,"61":0,"62":0,"63":0,"64":0,"65":1,"66":1,"67":1,"68":3,"69":3,"70":3,"71":3,"72":3,"73":1,"74":2,"75":2,"76":2,"77":0,"78":2,"79":1,"80":1,"81":1,"82":0,"83":0,"84":2,"85":1,"86":1,"87":1,"88":1,"89":1,"90":1,"91":1,"92":1,"93":1,"94":1,"95":0,"96":0,"97":1,"98":2,"99":2,"100":2,"101":0,"102":2,"103":1,"104":1,"105":1,"106":1,"107":1},"f":{"0":1,"1":5,"2":2,"3":2,"4":2,"5":1,"6":0,"7":0,"8":0,"9":3,"10":2},"b":{"0":[1,4],"1":[1,3],"2":[2,1],"3":[1,1],"4":[1,0],"5":[1,1],"6":[0,0],"7":[0,0],"8":[0,0],"9":[0,0],"10":[1,2],"11":[0,2],"12":[1,1],"13":[2,2],"14":[0,1],"15":[1,1],"16":[2,2],"17":[0,2],"18":[1,1]},"_coverageSchema":"1a1c01bbd47fc00a2c39e90264f33305004495a9","hash":"4a6f78bd05ba06edf890372e356eaeb1e04e00a7"}
,"/mnt/c/Users/jonat/OneDrive/Documents/React Projects/moodify/backend/controllers/login.js": {"path":"/mnt/c/Users/jonat/OneDrive/Documents/React Projects/moodify/backend/controllers/login.js","statementMap":{"0":{"start":{"line":1,"column":20},"end":{"line":1,"column":47}},"1":{"start":{"line":2,"column":14},"end":{"line":2,"column":30}},"2":{"start":{"line":3,"column":13},"end":{"line":3,"column":38}},"3":{"start":{"line":4,"column":16},"end":{"line":4,"column":44}},"4":{"start":{"line":5,"column":47},"end":{"line":5,"column":79}},"5":{"start":{"line":7,"column":0},"end":{"line":30,"column":3}},"6":{"start":{"line":8,"column":50},"end":{"line":8,"column":70}},"7":{"start":{"line":9,"column":15},"end":{"line":9,"column":39}},"8":{"start":{"line":11,"column":1},"end":{"line":15,"column":4}},"9":{"start":{"line":17,"column":17},"end":{"line":17,"column":66}},"10":{"start":{"line":18,"column":16},"end":{"line":27,"column":2}},"11":{"start":{"line":28,"column":1},"end":{"line":28,"column":57}},"12":{"start":{"line":29,"column":1},"end":{"line":29,"column":42}},"13":{"start":{"line":32,"column":0},"end":{"line":150,"column":3}},"14":{"start":{"line":33,"column":14},"end":{"line":33,"column":28}},"15":{"start":{"line":34,"column":23},"end":{"line":34,"column":47}},"16":{"start":{"line":36,"column":1},"end":{"line":38,"column":2}},"17":{"start":{"line":37,"column":2},"end":{"line":37,"column":68}},"18":{"start":{"line":40,"column":14},"end":{"line":46,"column":3}},"19":{"start":{"line":48,"column":16},"end":{"line":50,"column":2}},"20":{"start":{"line":52,"column":1},"end":{"line":149,"column":2}},"21":{"start":{"line":53,"column":19},"end":{"line":57,"column":3}},"22":{"start":{"line":59,"column":54},"end":{"line":59,"column":67}},"23":{"start":{"line":61,"column":20},"end":{"line":61,"column":62}},"24":{"start":{"line":63,"column":18},"end":{"line":67,"column":4}},"25":{"start":{"line":69,"column":50},"end":{"line":69,"column":62}},"26":{"start":{"line":72,"column":2},"end":{"line":78,"column":3}},"27":{"start":{"line":73,"column":3},"end":{"line":75,"column":12}},"28":{"start":{"line":74,"column":14},"end":{"line":74,"column":53}},"29":{"start":{"line":77,"column":3},"end":{"line":77,"column":21}},"30":{"start":{"line":80,"column":24},"end":{"line":83,"column":4}},"31":{"start":{"line":85,"column":21},"end":{"line":90,"column":5}},"32":{"start":{"line":85,"column":63},"end":{"line":90,"column":3}},"33":{"start":{"line":92,"column":22},"end":{"line":92,"column":24}},"34":{"start":{"line":94,"column":2},"end":{"line":98,"column":5}},"35":{"start":{"line":95,"column":3},"end":{"line":97,"column":6}},"36":{"start":{"line":96,"column":4},"end":{"line":96,"column":55}},"37":{"start":{"line":100,"column":23},"end":{"line":102,"column":3}},"38":{"start":{"line":101,"column":13},"end":{"line":101,"column":44}},"39":{"start":{"line":104,"column":20},"end":{"line":104,"column":45}},"40":{"start":{"line":106,"column":28},"end":{"line":109,"column":4}},"41":{"start":{"line":111,"column":20},"end":{"line":116,"column":5}},"42":{"start":{"line":111,"column":65},"end":{"line":116,"column":3}},"43":{"start":{"line":114,"column":42},"end":{"line":114,"column":53}},"44":{"start":{"line":118,"column":2},"end":{"line":132,"column":4}},"45":{"start":{"line":134,"column":2},"end":{"line":145,"column":5}},"46":{"start":{"line":147,"column":2},"end":{"line":147,"column":76}},"47":{"start":{"line":148,"column":2},"end":{"line":148,"column":48}},"48":{"start":{"line":152,"column":0},"end":{"line":201,"column":3}},"49":{"start":{"line":153,"column":23},"end":{"line":153,"column":31}},"50":{"start":{"line":154,"column":14},"end":{"line":154,"column":47}},"51":{"start":{"line":156,"column":1},"end":{"line":156,"column":69}},"52":{"start":{"line":156,"column":12},"end":{"line":156,"column":69}},"53":{"start":{"line":158,"column":1},"end":{"line":159,"column":68}},"54":{"start":{"line":159,"column":2},"end":{"line":159,"column":68}},"55":{"start":{"line":161,"column":1},"end":{"line":200,"column":2}},"56":{"start":{"line":162,"column":15},"end":{"line":166,"column":4}},"57":{"start":{"line":168,"column":17},"end":{"line":172,"column":3}},"58":{"start":{"line":174,"column":21},"end":{"line":178,"column":3}},"59":{"start":{"line":180,"column":54},"end":{"line":180,"column":69}},"60":{"start":{"line":182,"column":20},"end":{"line":182,"column":62}},"61":{"start":{"line":184,"column":2},"end":{"line":191,"column":4}},"62":{"start":{"line":193,"column":2},"end":{"line":196,"column":5}},"63":{"start":{"line":198,"column":2},"end":{"line":198,"column":72}},"64":{"start":{"line":199,"column":2},"end":{"line":199,"column":68}},"65":{"start":{"line":203,"column":0},"end":{"line":203,"column":29}}},"fnMap":{"0":{"name":"(anonymous_0)","decl":{"start":{"line":7,"column":26},"end":{"line":7,"column":27}},"loc":{"start":{"line":7,"column":46},"end":{"line":30,"column":1}},"line":7},"1":{"name":"(anonymous_1)","decl":{"start":{"line":32,"column":29},"end":{"line":32,"column":30}},"loc":{"start":{"line":32,"column":49},"end":{"line":150,"column":1}},"line":32},"2":{"name":"(anonymous_2)","decl":{"start":{"line":74,"column":4},"end":{"line":74,"column":5}},"loc":{"start":{"line":74,"column":14},"end":{"line":74,"column":53}},"line":74},"3":{"name":"(anonymous_3)","decl":{"start":{"line":85,"column":50},"end":{"line":85,"column":51}},"loc":{"start":{"line":85,"column":63},"end":{"line":90,"column":3}},"line":85},"4":{"name":"(anonymous_4)","decl":{"start":{"line":94,"column":21},"end":{"line":94,"column":22}},"loc":{"start":{"line":94,"column":33},"end":{"line":98,"column":3}},"line":94},"5":{"name":"(anonymous_5)","decl":{"start":{"line":95,"column":25},"end":{"line":95,"column":26}},"loc":{"start":{"line":95,"column":36},"end":{"line":97,"column":4}},"line":95},"6":{"name":"(anonymous_6)","decl":{"start":{"line":101,"column":3},"end":{"line":101,"column":4}},"loc":{"start":{"line":101,"column":13},"end":{"line":101,"column":44}},"line":101},"7":{"name":"(anonymous_7)","decl":{"start":{"line":111,"column":53},"end":{"line":111,"column":54}},"loc":{"start":{"line":111,"column":65},"end":{"line":116,"column":3}},"line":111},"8":{"name":"(anonymous_8)","decl":{"start":{"line":114,"column":30},"end":{"line":114,"column":31}},"loc":{"start":{"line":114,"column":42},"end":{"line":114,"column":53}},"line":114},"9":{"name":"(anonymous_9)","decl":{"start":{"line":152,"column":29},"end":{"line":152,"column":30}},"loc":{"start":{"line":152,"column":49},"end":{"line":201,"column":1}},"line":152}},"branchMap":{"0":{"loc":{"start":{"line":36,"column":1},"end":{"line":38,"column":2}},"type":"if","locations":[{"start":{"line":36,"column":1},"end":{"line":38,"column":2}},{"start":{},"end":{}}],"line":36},"1":{"loc":{"start":{"line":72,"column":2},"end":{"line":78,"column":3}},"type":"if","locations":[{"start":{"line":72,"column":2},"end":{"line":78,"column":3}},{"start":{"line":76,"column":9},"end":{"line":78,"column":3}}],"line":72},"2":{"loc":{"start":{"line":72,"column":6},"end":{"line":72,"column":33}},"type":"binary-expr","locations":[{"start":{"line":72,"column":6},"end":{"line":72,"column":12}},{"start":{"line":72,"column":16},"end":{"line":72,"column":33}}],"line":72},"3":{"loc":{"start":{"line":96,"column":26},"end":{"line":96,"column":49}},"type":"binary-expr","locations":[{"start":{"line":96,"column":26},"end":{"line":96,"column":44}},{"start":{"line":96,"column":48},"end":{"line":96,"column":49}}],"line":96},"4":{"loc":{"start":{"line":156,"column":1},"end":{"line":156,"column":69}},"type":"if","locations":[{"start":{"line":156,"column":1},"end":{"line":156,"column":69}},{"start":{},"end":{}}],"line":156},"5":{"loc":{"start":{"line":158,"column":1},"end":{"line":159,"column":68}},"type":"if","locations":[{"start":{"line":158,"column":1},"end":{"line":159,"column":68}},{"start":{},"end":{}}],"line":158},"6":{"loc":{"start":{"line":188,"column":18},"end":{"line":188,"column":47}},"type":"binary-expr","locations":[{"start":{"line":188,"column":18},"end":{"line":188,"column":31}},{"start":{"line":188,"column":35},"end":{"line":188,"column":47}}],"line":188}},"s":{"0":1,"1":1,"2":1,"3":1,"4":1,"5":1,"6":0,"7":0,"8":0,"9":0,"10":0,"11":0,"12":0,"13":1,"14":0,"15":0,"16":0,"17":0,"18":0,"19":0,"20":0,"21":0,"22":0,"23":0,"24":0,"25":0,"26":0,"27":0,"28":0,"29":0,"30":0,"31":0,"32":0,"33":0,"34":0,"35":0,"36":0,"37":0,"38":0,"39":0,"40":0,"41":0,"42":0,"43":0,"44":0,"45":0,"46":0,"47":0,"48":1,"49":0,"50":0,"51":0,"52":0,"53":0,"54":0,"55":0,"56":0,"57":0,"58":0,"59":0,"60":0,"61":0,"62":0,"63":0,"64":0,"65":1},"f":{"0":0,"1":0,"2":0,"3":0,"4":0,"5":0,"6":0,"7":0,"8":0,"9":0},"b":{"0":[0,0],"1":[0,0],"2":[0,0],"3":[0,0],"4":[0,0],"5":[0,0],"6":[0,0]},"_coverageSchema":"1a1c01bbd47fc00a2c39e90264f33305004495a9","hash":"528fad2ccf50609d07dd23596d2d72603bd9cab4"}
,"/mnt/c/Users/jonat/OneDrive/Documents/React Projects/moodify/backend/models/entry.js": {"path":"/mnt/c/Users/jonat/OneDrive/Documents/React Projects/moodify/backend/models/entry.js","statementMap":{"0":{"start":{"line":1,"column":17},"end":{"line":1,"column":36}},"1":{"start":{"line":3,"column":20},"end":{"line":29,"column":2}},"2":{"start":{"line":31,"column":0},"end":{"line":39,"column":3}},"3":{"start":{"line":33,"column":2},"end":{"line":33,"column":30}},"4":{"start":{"line":34,"column":2},"end":{"line":34,"column":17}},"5":{"start":{"line":35,"column":2},"end":{"line":35,"column":17}},"6":{"start":{"line":36,"column":2},"end":{"line":36,"column":26}},"7":{"start":{"line":37,"column":2},"end":{"line":37,"column":13}},"8":{"start":{"line":41,"column":14},"end":{"line":41,"column":50}},"9":{"start":{"line":43,"column":0},"end":{"line":43,"column":23}}},"fnMap":{"0":{"name":"(anonymous_0)","decl":{"start":{"line":32,"column":12},"end":{"line":32,"column":13}},"loc":{"start":{"line":32,"column":26},"end":{"line":38,"column":2}},"line":32}},"branchMap":{},"s":{"0":1,"1":1,"2":1,"3":7,"4":7,"5":7,"6":7,"7":7,"8":1,"9":1},"f":{"0":7},"b":{},"_coverageSchema":"1a1c01bbd47fc00a2c39e90264f33305004495a9","hash":"e378ff01d82c0ef9de2b487706e095a65f34e8f8"}
,"/mnt/c/Users/jonat/OneDrive/Documents/React Projects/moodify/backend/models/user.js": {"path":"/mnt/c/Users/jonat/OneDrive/Documents/React Projects/moodify/backend/models/user.js","statementMap":{"0":{"start":{"line":1,"column":17},"end":{"line":1,"column":36}},"1":{"start":{"line":3,"column":19},"end":{"line":14,"column":2}},"2":{"start":{"line":16,"column":0},"end":{"line":24,"column":3}},"3":{"start":{"line":18,"column":2},"end":{"line":18,"column":52}},"4":{"start":{"line":19,"column":2},"end":{"line":19,"column":28}},"5":{"start":{"line":20,"column":2},"end":{"line":20,"column":28}},"6":{"start":{"line":21,"column":2},"end":{"line":21,"column":37}},"7":{"start":{"line":22,"column":2},"end":{"line":22,"column":24}},"8":{"start":{"line":26,"column":13},"end":{"line":26,"column":47}},"9":{"start":{"line":28,"column":0},"end":{"line":28,"column":22}}},"fnMap":{"0":{"name":"(anonymous_0)","decl":{"start":{"line":17,"column":12},"end":{"line":17,"column":13}},"loc":{"start":{"line":17,"column":42},"end":{"line":23,"column":2}},"line":17}},"branchMap":{},"s":{"0":1,"1":1,"2":1,"3":2,"4":2,"5":2,"6":2,"7":2,"8":1,"9":1},"f":{"0":2},"b":{},"_coverageSchema":"1a1c01bbd47fc00a2c39e90264f33305004495a9","hash":"05abe20cf939554e4681d2c6cec26df9cab7a545"}
,"/mnt/c/Users/jonat/OneDrive/Documents/React Projects/moodify/backend/utils/config.js": {"path":"/mnt/c/Users/jonat/OneDrive/Documents/React Projects/moodify/backend/utils/config.js","statementMap":{"0":{"start":{"line":1,"column":0},"end":{"line":1,"column":27}},"1":{"start":{"line":2,"column":31},"end":{"line":2,"column":63}},"2":{"start":{"line":4,"column":13},"end":{"line":4,"column":29}},"3":{"start":{"line":6,"column":1},"end":{"line":8,"column":27}},"4":{"start":{"line":10,"column":14},"end":{"line":10,"column":64}},"5":{"start":{"line":11,"column":14},"end":{"line":11,"column":69}},"6":{"start":{"line":13,"column":0},"end":{"line":17,"column":2}}},"fnMap":{},"branchMap":{"0":{"loc":{"start":{"line":6,"column":1},"end":{"line":8,"column":27}},"type":"cond-expr","locations":[{"start":{"line":7,"column":4},"end":{"line":7,"column":32}},{"start":{"line":8,"column":4},"end":{"line":8,"column":27}}],"line":6}},"s":{"0":1,"1":1,"2":1,"3":1,"4":1,"5":1,"6":1},"f":{},"b":{"0":[1,0]},"_coverageSchema":"1a1c01bbd47fc00a2c39e90264f33305004495a9","hash":"9674b3d4a0690081c33ee84c0ecc9b381dd0950a"}
,"/mnt/c/Users/jonat/OneDrive/Documents/React Projects/moodify/backend/utils/logger.js": {"path":"/mnt/c/Users/jonat/OneDrive/Documents/React Projects/moodify/backend/utils/logger.js","statementMap":{"0":{"start":{"line":1,"column":13},"end":{"line":5,"column":1}},"1":{"start":{"line":2,"column":1},"end":{"line":4,"column":2}},"2":{"start":{"line":3,"column":2},"end":{"line":3,"column":25}},"3":{"start":{"line":7,"column":14},"end":{"line":11,"column":1}},"4":{"start":{"line":8,"column":1},"end":{"line":10,"column":2}},"5":{"start":{"line":9,"column":2},"end":{"line":9,"column":27}},"6":{"start":{"line":13,"column":0},"end":{"line":16,"column":2}}},"fnMap":{"0":{"name":"(anonymous_0)","decl":{"start":{"line":1,"column":13},"end":{"line":1,"column":14}},"loc":{"start":{"line":1,"column":28},"end":{"line":5,"column":1}},"line":1},"1":{"name":"(anonymous_1)","decl":{"start":{"line":7,"column":14},"end":{"line":7,"column":15}},"loc":{"start":{"line":7,"column":29},"end":{"line":11,"column":1}},"line":7}},"branchMap":{"0":{"loc":{"start":{"line":2,"column":1},"end":{"line":4,"column":2}},"type":"if","locations":[{"start":{"line":2,"column":1},"end":{"line":4,"column":2}},{"start":{},"end":{}}],"line":2},"1":{"loc":{"start":{"line":8,"column":1},"end":{"line":10,"column":2}},"type":"if","locations":[{"start":{"line":8,"column":1},"end":{"line":10,"column":2}},{"start":{},"end":{}}],"line":8}},"s":{"0":1,"1":2,"2":0,"3":1,"4":0,"5":0,"6":1},"f":{"0":2,"1":0},"b":{"0":[0,2],"1":[0,0]},"_coverageSchema":"1a1c01bbd47fc00a2c39e90264f33305004495a9","hash":"e92bd1eb0147fc19034b901855dbf8256f07c6a6"}
,"/mnt/c/Users/jonat/OneDrive/Documents/React Projects/moodify/backend/utils/loginService.js": {"path":"/mnt/c/Users/jonat/OneDrive/Documents/React Projects/moodify/backend/utils/loginService.js","statementMap":{"0":{"start":{"line":1,"column":21},"end":{"line":20,"column":1}},"1":{"start":{"line":3,"column":2},"end":{"line":3,"column":66}},"2":{"start":{"line":4,"column":22},"end":{"line":4,"column":64}},"3":{"start":{"line":5,"column":22},"end":{"line":8,"column":2}},"4":{"start":{"line":6,"column":14},"end":{"line":6,"column":49}},"5":{"start":{"line":10,"column":23},"end":{"line":10,"column":35}},"6":{"start":{"line":11,"column":14},"end":{"line":11,"column":53}},"7":{"start":{"line":12,"column":16},"end":{"line":12,"column":59}},"8":{"start":{"line":13,"column":31},"end":{"line":18,"column":22}},"9":{"start":{"line":19,"column":1},"end":{"line":19,"column":49}},"10":{"start":{"line":22,"column":29},"end":{"line":30,"column":1}},"11":{"start":{"line":23,"column":12},"end":{"line":23,"column":14}},"12":{"start":{"line":25,"column":2},"end":{"line":25,"column":66}},"13":{"start":{"line":26,"column":1},"end":{"line":28,"column":2}},"14":{"start":{"line":26,"column":14},"end":{"line":26,"column":15}},"15":{"start":{"line":27,"column":2},"end":{"line":27,"column":71}},"16":{"start":{"line":29,"column":1},"end":{"line":29,"column":13}},"17":{"start":{"line":32,"column":0},"end":{"line":35,"column":2}}},"fnMap":{"0":{"name":"(anonymous_0)","decl":{"start":{"line":1,"column":21},"end":{"line":1,"column":22}},"loc":{"start":{"line":1,"column":33},"end":{"line":20,"column":1}},"line":1},"1":{"name":"(anonymous_1)","decl":{"start":{"line":6,"column":2},"end":{"line":6,"column":3}},"loc":{"start":{"line":6,"column":14},"end":{"line":6,"column":49}},"line":6},"2":{"name":"(anonymous_2)","decl":{"start":{"line":22,"column":29},"end":{"line":22,"column":30}},"loc":{"start":{"line":22,"column":41},"end":{"line":30,"column":1}},"line":22}},"branchMap":{},"s":{"0":1,"1":0,"2":0,"3":0,"4":0,"5":0,"6":0,"7":0,"8":0,"9":0,"10":1,"11":0,"12":0,"13":0,"14":0,"15":0,"16":0,"17":1},"f":{"0":0,"1":0,"2":0},"b":{},"_coverageSchema":"1a1c01bbd47fc00a2c39e90264f33305004495a9","hash":"1b843f30ff3f632a4bfbca47814027ab5147e156"}
,"/mnt/c/Users/jonat/OneDrive/Documents/React Projects/moodify/backend/utils/middleware.js": {"path":"/mnt/c/Users/jonat/OneDrive/Documents/React Projects/moodify/backend/utils/middleware.js","statementMap":{"0":{"start":{"line":1,"column":13},"end":{"line":1,"column":38}},"1":{"start":{"line":2,"column":14},"end":{"line":2,"column":30}},"2":{"start":{"line":4,"column":23},"end":{"line":11,"column":1}},"3":{"start":{"line":5,"column":23},"end":{"line":5,"column":47}},"4":{"start":{"line":6,"column":1},"end":{"line":9,"column":2}},"5":{"start":{"line":7,"column":16},"end":{"line":7,"column":52}},"6":{"start":{"line":8,"column":2},"end":{"line":8,"column":20}},"7":{"start":{"line":10,"column":1},"end":{"line":10,"column":8}},"8":{"start":{"line":13,"column":22},"end":{"line":36,"column":1}},"9":{"start":{"line":14,"column":15},"end":{"line":14,"column":24}},"10":{"start":{"line":16,"column":1},"end":{"line":20,"column":2}},"11":{"start":{"line":17,"column":2},"end":{"line":19,"column":5}},"12":{"start":{"line":22,"column":1},"end":{"line":35,"column":2}},"13":{"start":{"line":23,"column":18},"end":{"line":27,"column":4}},"14":{"start":{"line":28,"column":20},"end":{"line":28,"column":35}},"15":{"start":{"line":30,"column":13},"end":{"line":30,"column":46}},"16":{"start":{"line":31,"column":2},"end":{"line":31,"column":18}},"17":{"start":{"line":32,"column":2},"end":{"line":32,"column":9}},"18":{"start":{"line":34,"column":2},"end":{"line":34,"column":43}},"19":{"start":{"line":38,"column":0},"end":{"line":41,"column":2}}},"fnMap":{"0":{"name":"(anonymous_0)","decl":{"start":{"line":4,"column":23},"end":{"line":4,"column":24}},"loc":{"start":{"line":4,"column":43},"end":{"line":11,"column":1}},"line":4},"1":{"name":"(anonymous_1)","decl":{"start":{"line":13,"column":22},"end":{"line":13,"column":23}},"loc":{"start":{"line":13,"column":48},"end":{"line":36,"column":1}},"line":13}},"branchMap":{"0":{"loc":{"start":{"line":6,"column":1},"end":{"line":9,"column":2}},"type":"if","locations":[{"start":{"line":6,"column":1},"end":{"line":9,"column":2}},{"start":{},"end":{}}],"line":6},"1":{"loc":{"start":{"line":6,"column":5},"end":{"line":6,"column":57}},"type":"binary-expr","locations":[{"start":{"line":6,"column":5},"end":{"line":6,"column":18}},{"start":{"line":6,"column":22},"end":{"line":6,"column":57}}],"line":6},"2":{"loc":{"start":{"line":16,"column":1},"end":{"line":20,"column":2}},"type":"if","locations":[{"start":{"line":16,"column":1},"end":{"line":20,"column":2}},{"start":{},"end":{}}],"line":16}},"s":{"0":1,"1":1,"2":1,"3":12,"4":12,"5":12,"6":12,"7":12,"8":1,"9":12,"10":12,"11":0,"12":12,"13":12,"14":12,"15":12,"16":12,"17":12,"18":0,"19":1},"f":{"0":12,"1":12},"b":{"0":[12,0],"1":[12,12],"2":[0,12]},"_coverageSchema":"1a1c01bbd47fc00a2c39e90264f33305004495a9","hash":"7fdb54afc70a4bab7c1ea8d61a617afc6c07f474"}
,"/mnt/c/Users/jonat/OneDrive/Documents/React Projects/moodify/backend/utils/playlistService.js": {"path":"/mnt/c/Users/jonat/OneDrive/Documents/React Projects/moodify/backend/utils/playlistService.js","statementMap":{"0":{"start":{"line":1,"column":14},"end":{"line":1,"column":30}},"1":{"start":{"line":2,"column":16},"end":{"line":2,"column":44}},"2":{"start":{"line":4,"column":15},"end":{"line":8,"column":1}},"3":{"start":{"line":5,"column":17},"end":{"line":5,"column":60}},"4":{"start":{"line":6,"column":18},"end":{"line":6,"column":37}},"5":{"start":{"line":7,"column":1},"end":{"line":7,"column":17}},"6":{"start":{"line":10,"column":27},"end":{"line":61,"column":1}},"7":{"start":{"line":28,"column":5},"end":{"line":28,"column":15}},"8":{"start":{"line":29,"column":1},"end":{"line":29,"column":22}},"9":{"start":{"line":30,"column":16},"end":{"line":44,"column":2}},"10":{"start":{"line":46,"column":16},"end":{"line":51,"column":2}},"11":{"start":{"line":53,"column":1},"end":{"line":60,"column":2}},"12":{"start":{"line":54,"column":19},"end":{"line":54,"column":72}},"13":{"start":{"line":56,"column":2},"end":{"line":56,"column":23}},"14":{"start":{"line":58,"column":2},"end":{"line":58,"column":21}},"15":{"start":{"line":59,"column":2},"end":{"line":59,"column":14}},"16":{"start":{"line":63,"column":23},"end":{"line":77,"column":1}},"17":{"start":{"line":64,"column":1},"end":{"line":66,"column":2}},"18":{"start":{"line":65,"column":2},"end":{"line":65,"column":14}},"19":{"start":{"line":68,"column":20},"end":{"line":68,"column":39}},"20":{"start":{"line":69,"column":20},"end":{"line":69,"column":39}},"21":{"start":{"line":71,"column":1},"end":{"line":75,"column":2}},"22":{"start":{"line":71,"column":14},"end":{"line":71,"column":15}},"23":{"start":{"line":72,"column":2},"end":{"line":74,"column":3}},"24":{"start":{"line":73,"column":3},"end":{"line":73,"column":15}},"25":{"start":{"line":76,"column":1},"end":{"line":76,"column":14}},"26":{"start":{"line":79,"column":20},"end":{"line":108,"column":1}},"27":{"start":{"line":80,"column":1},"end":{"line":107,"column":2}},"28":{"start":{"line":81,"column":15},"end":{"line":88,"column":3}},"29":{"start":{"line":89,"column":14},"end":{"line":89,"column":75}},"30":{"start":{"line":91,"column":19},"end":{"line":91,"column":30}},"31":{"start":{"line":93,"column":2},"end":{"line":99,"column":3}},"32":{"start":{"line":95,"column":3},"end":{"line":98,"column":5}},"33":{"start":{"line":100,"column":2},"end":{"line":103,"column":4}},"34":{"start":{"line":105,"column":2},"end":{"line":105,"column":71}},"35":{"start":{"line":106,"column":2},"end":{"line":106,"column":41}},"36":{"start":{"line":110,"column":22},"end":{"line":138,"column":1}},"37":{"start":{"line":111,"column":11},"end":{"line":111,"column":36}},"38":{"start":{"line":112,"column":21},"end":{"line":112,"column":26}},"39":{"start":{"line":114,"column":1},"end":{"line":135,"column":2}},"40":{"start":{"line":115,"column":2},"end":{"line":134,"column":3}},"41":{"start":{"line":116,"column":18},"end":{"line":119,"column":4}},"42":{"start":{"line":121,"column":25},"end":{"line":121,"column":53}},"43":{"start":{"line":122,"column":21},"end":{"line":122,"column":45}},"44":{"start":{"line":124,"column":3},"end":{"line":124,"column":74}},"45":{"start":{"line":124,"column":48},"end":{"line":124,"column":72}},"46":{"start":{"line":126,"column":3},"end":{"line":128,"column":4}},"47":{"start":{"line":127,"column":4},"end":{"line":127,"column":16}},"48":{"start":{"line":130,"column":3},"end":{"line":130,"column":33}},"49":{"start":{"line":132,"column":3},"end":{"line":132,"column":73}},"50":{"start":{"line":133,"column":3},"end":{"line":133,"column":43}},"51":{"start":{"line":137,"column":1},"end":{"line":137,"column":14}},"52":{"start":{"line":140,"column":23},"end":{"line":170,"column":1}},"53":{"start":{"line":141,"column":1},"end":{"line":169,"column":2}},"54":{"start":{"line":142,"column":15},"end":{"line":146,"column":3}},"55":{"start":{"line":148,"column":17},"end":{"line":153,"column":3}},"56":{"start":{"line":155,"column":14},"end":{"line":159,"column":3}},"57":{"start":{"line":160,"column":2},"end":{"line":160,"column":34}},"58":{"start":{"line":162,"column":2},"end":{"line":162,"column":18}},"59":{"start":{"line":164,"column":2},"end":{"line":167,"column":4}},"60":{"start":{"line":168,"column":2},"end":{"line":168,"column":47}},"61":{"start":{"line":172,"column":23},"end":{"line":196,"column":1}},"62":{"start":{"line":173,"column":1},"end":{"line":195,"column":2}},"63":{"start":{"line":174,"column":2},"end":{"line":174,"column":36}},"64":{"start":{"line":175,"column":20},"end":{"line":175,"column":73}},"65":{"start":{"line":175,"column":46},"end":{"line":175,"column":72}},"66":{"start":{"line":176,"column":15},"end":{"line":178,"column":3}},"67":{"start":{"line":179,"column":17},"end":{"line":184,"column":3}},"68":{"start":{"line":186,"column":14},"end":{"line":190,"column":3}},"69":{"start":{"line":191,"column":2},"end":{"line":191,"column":18}},"70":{"start":{"line":193,"column":2},"end":{"line":193,"column":65}},"71":{"start":{"line":194,"column":2},"end":{"line":194,"column":47}},"72":{"start":{"line":198,"column":0},"end":{"line":206,"column":2}}},"fnMap":{"0":{"name":"(anonymous_0)","decl":{"start":{"line":4,"column":15},"end":{"line":4,"column":16}},"loc":{"start":{"line":4,"column":24},"end":{"line":8,"column":1}},"line":4},"1":{"name":"(anonymous_1)","decl":{"start":{"line":10,"column":27},"end":{"line":10,"column":28}},"loc":{"start":{"line":15,"column":5},"end":{"line":61,"column":1}},"line":15},"2":{"name":"(anonymous_2)","decl":{"start":{"line":63,"column":23},"end":{"line":63,"column":24}},"loc":{"start":{"line":63,"column":39},"end":{"line":77,"column":1}},"line":63},"3":{"name":"(anonymous_3)","decl":{"start":{"line":79,"column":20},"end":{"line":79,"column":21}},"loc":{"start":{"line":79,"column":49},"end":{"line":108,"column":1}},"line":79},"4":{"name":"(anonymous_4)","decl":{"start":{"line":110,"column":22},"end":{"line":110,"column":23}},"loc":{"start":{"line":110,"column":49},"end":{"line":138,"column":1}},"line":110},"5":{"name":"(anonymous_5)","decl":{"start":{"line":124,"column":34},"end":{"line":124,"column":35}},"loc":{"start":{"line":124,"column":48},"end":{"line":124,"column":72}},"line":124},"6":{"name":"(anonymous_6)","decl":{"start":{"line":140,"column":23},"end":{"line":140,"column":24}},"loc":{"start":{"line":140,"column":70},"end":{"line":170,"column":1}},"line":140},"7":{"name":"(anonymous_7)","decl":{"start":{"line":172,"column":23},"end":{"line":172,"column":24}},"loc":{"start":{"line":172,"column":62},"end":{"line":196,"column":1}},"line":172},"8":{"name":"(anonymous_8)","decl":{"start":{"line":175,"column":33},"end":{"line":175,"column":34}},"loc":{"start":{"line":175,"column":46},"end":{"line":175,"column":72}},"line":175}},"branchMap":{"0":{"loc":{"start":{"line":64,"column":1},"end":{"line":66,"column":2}},"type":"if","locations":[{"start":{"line":64,"column":1},"end":{"line":66,"column":2}},{"start":{},"end":{}}],"line":64},"1":{"loc":{"start":{"line":72,"column":2},"end":{"line":74,"column":3}},"type":"if","locations":[{"start":{"line":72,"column":2},"end":{"line":74,"column":3}},{"start":{},"end":{}}],"line":72},"2":{"loc":{"start":{"line":93,"column":2},"end":{"line":99,"column":3}},"type":"if","locations":[{"start":{"line":93,"column":2},"end":{"line":99,"column":3}},{"start":{},"end":{}}],"line":93},"3":{"loc":{"start":{"line":105,"column":44},"end":{"line":105,"column":69}},"type":"binary-expr","locations":[{"start":{"line":105,"column":44},"end":{"line":105,"column":62}},{"start":{"line":105,"column":66},"end":{"line":105,"column":69}}],"line":105},"4":{"loc":{"start":{"line":126,"column":3},"end":{"line":128,"column":4}},"type":"if","locations":[{"start":{"line":126,"column":3},"end":{"line":128,"column":4}},{"start":{},"end":{}}],"line":126},"5":{"loc":{"start":{"line":132,"column":46},"end":{"line":132,"column":71}},"type":"binary-expr","locations":[{"start":{"line":132,"column":46},"end":{"line":132,"column":64}},{"start":{"line":132,"column":68},"end":{"line":132,"column":71}}],"line":132},"6":{"loc":{"start":{"line":166,"column":3},"end":{"line":166,"column":40}},"type":"binary-expr","locations":[{"start":{"line":166,"column":3},"end":{"line":166,"column":23}},{"start":{"line":166,"column":27},"end":{"line":166,"column":40}}],"line":166}},"s":{"0":1,"1":1,"2":1,"3":0,"4":0,"5":0,"6":1,"7":0,"8":0,"9":0,"10":0,"11":0,"12":0,"13":0,"14":0,"15":0,"16":1,"17":1,"18":1,"19":0,"20":0,"21":0,"22":0,"23":0,"24":0,"25":0,"26":1,"27":3,"28":3,"29":3,"30":3,"31":3,"32":2,"33":1,"34":0,"35":0,"36":1,"37":3,"38":3,"39":3,"40":3,"41":3,"42":3,"43":3,"44":3,"45":3,"46":3,"47":2,"48":1,"49":0,"50":0,"51":1,"52":1,"53":1,"54":1,"55":1,"56":1,"57":1,"58":1,"59":0,"60":0,"61":1,"62":2,"63":2,"64":2,"65":4,"66":2,"67":2,"68":2,"69":2,"70":0,"71":0,"72":1},"f":{"0":0,"1":0,"2":1,"3":3,"4":3,"5":3,"6":1,"7":2,"8":4},"b":{"0":[1,0],"1":[0,0],"2":[2,1],"3":[0,0],"4":[2,1],"5":[0,0],"6":[0,0]},"_coverageSchema":"1a1c01bbd47fc00a2c39e90264f33305004495a9","hash":"743fde3640d2a49f1f0a76a8d8d4f70decae2b4a"}
}
