TN:
SF:app.js
FN:21,(anonymous_0)
FN:24,(anonymous_1)
FN:49,(anonymous_2)
FNF:3
FNH:1
FNDA:1,(anonymous_0)
FNDA:0,(anonymous_1)
FNDA:0,(anonymous_2)
DA:1,1
DA:2,1
DA:3,1
DA:4,1
DA:5,1
DA:6,1
DA:7,1
DA:8,1
DA:9,1
DA:10,1
DA:12,1
DA:13,1
DA:14,1
DA:15,1
DA:17,1
DA:19,1
DA:22,1
DA:25,0
DA:28,1
DA:29,1
DA:30,1
DA:31,1
DA:33,1
DA:44,1
DA:46,1
DA:47,1
DA:49,1
DA:50,0
DA:53,1
LF:29
LH:27
BRF:0
BRH:0
end_of_record
TN:
SF:controllers/entries.js
FN:15,(anonymous_0)
FN:26,(anonymous_1)
FN:51,(anonymous_2)
FN:52,(anonymous_3)
FN:53,(anonymous_4)
FN:83,(anonymous_5)
FN:106,(anonymous_6)
FN:129,(anonymous_7)
FN:132,(anonymous_8)
FN:160,(anonymous_9)
FN:244,(anonymous_10)
FNF:11
FNH:8
FNDA:1,(anonymous_0)
FNDA:5,(anonymous_1)
FNDA:2,(anonymous_2)
FNDA:2,(anonymous_3)
FNDA:2,(anonymous_4)
FNDA:1,(anonymous_5)
FNDA:0,(anonymous_6)
FNDA:0,(anonymous_7)
FNDA:0,(anonymous_8)
FNDA:3,(anonymous_9)
FNDA:2,(anonymous_10)
DA:1,1
DA:2,1
DA:3,1
DA:4,1
DA:12,1
DA:15,1
DA:16,1
DA:18,1
DA:22,1
DA:26,1
DA:27,5
DA:28,5
DA:29,5
DA:30,5
DA:31,1
DA:33,4
DA:34,1
DA:39,3
DA:40,2
DA:44,2
DA:46,2
DA:47,1
DA:48,1
DA:49,1
DA:51,2
DA:52,2
DA:53,1
DA:54,2
DA:58,1
DA:62,1
DA:67,1
DA:68,1
DA:71,0
DA:72,0
DA:76,1
DA:78,0
DA:83,1
DA:84,1
DA:85,1
DA:86,1
DA:87,1
DA:88,1
DA:89,1
DA:90,0
DA:91,0
DA:92,0
DA:93,0
DA:106,0
DA:107,0
DA:109,0
DA:111,0
DA:118,0
DA:119,0
DA:123,0
DA:124,0
DA:129,0
DA:132,0
DA:146,0
DA:147,0
DA:149,0
DA:150,0
DA:152,0
DA:154,1
DA:155,1
DA:160,1
DA:161,3
DA:162,3
DA:163,3
DA:164,3
DA:166,3
DA:167,1
DA:170,2
DA:171,2
DA:173,2
DA:174,0
DA:178,2
DA:179,1
DA:180,1
DA:181,1
DA:182,0
DA:188,0
DA:192,2
DA:193,1
DA:200,1
DA:206,1
DA:213,1
DA:215,1
DA:221,1
DA:227,1
DA:228,1
DA:230,1
DA:232,1
DA:239,0
DA:240,0
DA:244,1
DA:245,2
DA:247,2
DA:248,2
DA:249,0
DA:252,2
DA:253,1
DA:258,1
DA:262,1
DA:263,1
DA:266,1
LF:105
LH:77
BRDA:30,0,0,1
BRDA:30,0,1,4
BRDA:33,1,0,1
BRDA:33,1,1,3
BRDA:39,2,0,2
BRDA:39,2,1,1
BRDA:46,3,0,1
BRDA:46,3,1,1
BRDA:58,4,0,1
BRDA:58,4,1,0
BRDA:59,5,0,1
BRDA:59,5,1,1
BRDA:71,6,0,0
BRDA:71,6,1,0
BRDA:106,7,0,0
BRDA:106,7,1,0
BRDA:106,8,0,0
BRDA:106,8,1,0
BRDA:118,9,0,0
BRDA:118,9,1,0
BRDA:166,10,0,1
BRDA:166,10,1,2
BRDA:173,11,0,0
BRDA:173,11,1,2
BRDA:178,12,0,1
BRDA:178,12,1,1
BRDA:178,13,0,2
BRDA:178,13,1,2
BRDA:181,14,0,0
BRDA:181,14,1,1
BRDA:192,15,0,1
BRDA:192,15,1,1
BRDA:192,16,0,2
BRDA:192,16,1,2
BRDA:248,17,0,0
BRDA:248,17,1,2
BRDA:252,18,0,1
BRDA:252,18,1,1
BRF:38
BRH:26
end_of_record
TN:
SF:controllers/login.js
FN:7,(anonymous_0)
FN:32,(anonymous_1)
FN:74,(anonymous_2)
FN:85,(anonymous_3)
FN:94,(anonymous_4)
FN:95,(anonymous_5)
FN:101,(anonymous_6)
FN:111,(anonymous_7)
FN:114,(anonymous_8)
FN:152,(anonymous_9)
FNF:10
FNH:0
FNDA:0,(anonymous_0)
FNDA:0,(anonymous_1)
FNDA:0,(anonymous_2)
FNDA:0,(anonymous_3)
FNDA:0,(anonymous_4)
FNDA:0,(anonymous_5)
FNDA:0,(anonymous_6)
FNDA:0,(anonymous_7)
FNDA:0,(anonymous_8)
FNDA:0,(anonymous_9)
DA:1,1
DA:2,1
DA:3,1
DA:4,1
DA:5,1
DA:7,1
DA:8,0
DA:9,0
DA:11,0
DA:17,0
DA:18,0
DA:28,0
DA:29,0
DA:32,1
DA:33,0
DA:34,0
DA:36,0
DA:37,0
DA:40,0
DA:48,0
DA:52,0
DA:53,0
DA:59,0
DA:61,0
DA:63,0
DA:69,0
DA:72,0
DA:73,0
DA:74,0
DA:77,0
DA:80,0
DA:85,0
DA:92,0
DA:94,0
DA:95,0
DA:96,0
DA:100,0
DA:101,0
DA:104,0
DA:106,0
DA:111,0
DA:114,0
DA:118,0
DA:134,0
DA:147,0
DA:148,0
DA:152,1
DA:153,0
DA:154,0
DA:156,0
DA:158,0
DA:159,0
DA:161,0
DA:162,0
DA:168,0
DA:174,0
DA:180,0
DA:182,0
DA:184,0
DA:193,0
DA:198,0
DA:199,0
DA:203,1
LF:63
LH:9
BRDA:36,0,0,0
BRDA:36,0,1,0
BRDA:72,1,0,0
BRDA:72,1,1,0
BRDA:72,2,0,0
BRDA:72,2,1,0
BRDA:96,3,0,0
BRDA:96,3,1,0
BRDA:156,4,0,0
BRDA:156,4,1,0
BRDA:158,5,0,0
BRDA:158,5,1,0
BRDA:188,6,0,0
BRDA:188,6,1,0
BRF:14
BRH:0
end_of_record
TN:
SF:models/entry.js
FN:32,(anonymous_0)
FNF:1
FNH:1
FNDA:7,(anonymous_0)
DA:1,1
DA:3,1
DA:31,1
DA:33,7
DA:34,7
DA:35,7
DA:36,7
DA:37,7
DA:41,1
DA:43,1
LF:10
LH:10
BRF:0
BRH:0
end_of_record
TN:
SF:models/user.js
FN:17,(anonymous_0)
FNF:1
FNH:1
FNDA:2,(anonymous_0)
DA:1,1
DA:3,1
DA:16,1
DA:18,2
DA:19,2
DA:20,2
DA:21,2
DA:22,2
DA:26,1
DA:28,1
LF:10
LH:10
BRF:0
BRH:0
end_of_record
TN:
SF:utils/config.js
FNF:0
FNH:0
DA:1,1
DA:2,1
DA:4,1
DA:6,1
DA:10,1
DA:11,1
DA:13,1
LF:7
LH:7
BRDA:6,0,0,1
BRDA:6,0,1,0
BRF:2
BRH:1
end_of_record
TN:
SF:utils/logger.js
FN:1,(anonymous_0)
FN:7,(anonymous_1)
FNF:2
FNH:1
FNDA:2,(anonymous_0)
FNDA:0,(anonymous_1)
DA:1,1
DA:2,2
DA:3,0
DA:7,1
DA:8,0
DA:9,0
DA:13,1
LF:7
LH:4
BRDA:2,0,0,0
BRDA:2,0,1,2
BRDA:8,1,0,0
BRDA:8,1,1,0
BRF:4
BRH:1
end_of_record
TN:
SF:utils/loginService.js
FN:1,(anonymous_0)
FN:6,(anonymous_1)
FN:22,(anonymous_2)
FNF:3
FNH:0
FNDA:0,(anonymous_0)
FNDA:0,(anonymous_1)
FNDA:0,(anonymous_2)
DA:1,1
DA:3,0
DA:4,0
DA:5,0
DA:6,0
DA:10,0
DA:11,0
DA:12,0
DA:13,0
DA:19,0
DA:22,1
DA:23,0
DA:25,0
DA:26,0
DA:27,0
DA:29,0
DA:32,1
LF:17
LH:3
BRF:0
BRH:0
end_of_record
TN:
SF:utils/middleware.js
FN:4,(anonymous_0)
FN:13,(anonymous_1)
FNF:2
FNH:2
FNDA:12,(anonymous_0)
FNDA:12,(anonymous_1)
DA:1,1
DA:2,1
DA:4,1
DA:5,12
DA:6,12
DA:7,12
DA:8,12
DA:10,12
DA:13,1
DA:14,12
DA:16,12
DA:17,0
DA:22,12
DA:23,12
DA:28,12
DA:30,12
DA:31,12
DA:32,12
DA:34,0
DA:38,1
LF:20
LH:18
BRDA:6,0,0,12
BRDA:6,0,1,0
BRDA:6,1,0,12
BRDA:6,1,1,12
BRDA:16,2,0,0
BRDA:16,2,1,12
BRF:6
BRH:4
end_of_record
TN:
SF:utils/playlistService.js
FN:4,(anonymous_0)
FN:10,(anonymous_1)
FN:63,(anonymous_2)
FN:79,(anonymous_3)
FN:110,(anonymous_4)
FN:124,(anonymous_5)
FN:140,(anonymous_6)
FN:172,(anonymous_7)
FN:175,(anonymous_8)
FNF:9
FNH:7
FNDA:0,(anonymous_0)
FNDA:0,(anonymous_1)
FNDA:1,(anonymous_2)
FNDA:3,(anonymous_3)
FNDA:3,(anonymous_4)
FNDA:3,(anonymous_5)
FNDA:1,(anonymous_6)
FNDA:2,(anonymous_7)
FNDA:4,(anonymous_8)
DA:1,1
DA:2,1
DA:4,1
DA:5,0
DA:6,0
DA:7,0
DA:10,1
DA:28,0
DA:29,0
DA:30,0
DA:46,0
DA:53,0
DA:54,0
DA:56,0
DA:58,0
DA:59,0
DA:63,1
DA:64,1
DA:65,1
DA:68,0
DA:69,0
DA:71,0
DA:72,0
DA:73,0
DA:76,0
DA:79,1
DA:80,3
DA:81,3
DA:89,3
DA:91,3
DA:93,3
DA:95,2
DA:100,1
DA:105,0
DA:106,0
DA:110,1
DA:111,3
DA:112,3
DA:114,3
DA:115,3
DA:116,3
DA:121,3
DA:122,3
DA:124,3
DA:126,3
DA:127,2
DA:130,1
DA:132,0
DA:133,0
DA:137,1
DA:140,1
DA:141,1
DA:142,1
DA:148,1
DA:155,1
DA:160,1
DA:162,1
DA:164,0
DA:168,0
DA:172,1
DA:173,2
DA:174,2
DA:175,4
DA:176,2
DA:179,2
DA:186,2
DA:191,2
DA:193,0
DA:194,0
DA:198,1
LF:70
LH:44
BRDA:64,0,0,1
BRDA:64,0,1,0
BRDA:72,1,0,0
BRDA:72,1,1,0
BRDA:93,2,0,2
BRDA:93,2,1,1
BRDA:105,3,0,0
BRDA:105,3,1,0
BRDA:126,4,0,2
BRDA:126,4,1,1
BRDA:132,5,0,0
BRDA:132,5,1,0
BRDA:166,6,0,0
BRDA:166,6,1,0
BRF:14
BRH:5
end_of_record
