TN:
SF:app.js
FN:21,(anonymous_0)
FN:24,(anonymous_1)
FN:49,(anonymous_2)
FNF:3
FNH:1
FNDA:2,(anonymous_0)
FNDA:0,(anonymous_1)
FNDA:0,(anonymous_2)
DA:1,2
DA:2,2
DA:3,2
DA:4,2
DA:5,2
DA:6,2
DA:7,2
DA:8,2
DA:9,2
DA:10,2
DA:12,2
DA:13,2
DA:14,2
DA:15,2
DA:17,2
DA:19,2
DA:22,2
DA:25,0
DA:28,2
DA:29,2
DA:30,2
DA:31,2
DA:33,2
DA:44,2
DA:46,2
DA:47,2
DA:49,2
DA:50,0
DA:53,2
LF:29
LH:27
BRF:0
BRH:0
end_of_record
TN:
SF:controllers/entries.js
FN:15,(anonymous_0)
FN:26,(anonymous_1)
FN:51,(anonymous_2)
FN:52,(anonymous_3)
FN:53,(anonymous_4)
FN:83,(anonymous_5)
FN:116,(anonymous_6)
FN:119,(anonymous_7)
FN:147,(anonymous_8)
FN:225,(anonymous_9)
FNF:10
FNH:10
FNDA:1,(anonymous_0)
FNDA:5,(anonymous_1)
FNDA:2,(anonymous_2)
FNDA:2,(anonymous_3)
FNDA:2,(anonymous_4)
FNDA:1,(anonymous_5)
FNDA:1,(anonymous_6)
FNDA:2,(anonymous_7)
FNDA:3,(anonymous_8)
FNDA:2,(anonymous_9)
DA:1,2
DA:2,2
DA:3,2
DA:4,2
DA:12,2
DA:15,2
DA:16,1
DA:18,1
DA:22,1
DA:26,2
DA:27,5
DA:28,5
DA:29,5
DA:30,5
DA:31,1
DA:33,4
DA:34,1
DA:39,3
DA:40,2
DA:44,2
DA:46,2
DA:47,1
DA:48,1
DA:49,1
DA:51,2
DA:52,2
DA:53,1
DA:54,2
DA:58,1
DA:62,1
DA:67,1
DA:68,1
DA:71,0
DA:72,0
DA:76,1
DA:78,0
DA:83,2
DA:84,1
DA:85,1
DA:87,1
DA:88,1
DA:89,1
DA:90,1
DA:91,1
DA:92,1
DA:93,1
DA:94,1
DA:95,0
DA:97,1
DA:105,1
DA:106,0
DA:111,1
DA:116,1
DA:119,2
DA:133,1
DA:134,1
DA:136,1
DA:137,1
DA:139,1
DA:141,0
DA:142,0
DA:147,2
DA:148,3
DA:149,3
DA:150,3
DA:151,3
DA:153,3
DA:154,1
DA:157,2
DA:158,2
DA:160,2
DA:161,0
DA:165,2
DA:166,1
DA:167,1
DA:168,1
DA:169,0
DA:170,0
DA:174,2
DA:175,1
DA:182,1
DA:188,1
DA:194,1
DA:196,1
DA:202,1
DA:208,1
DA:209,1
DA:211,1
DA:213,1
DA:220,0
DA:221,0
DA:225,2
DA:226,2
DA:228,2
DA:229,2
DA:230,0
DA:233,2
DA:234,1
DA:239,1
DA:243,1
DA:244,1
DA:247,2
LF:102
LH:89
BRDA:30,0,0,1
BRDA:30,0,1,4
BRDA:33,1,0,1
BRDA:33,1,1,3
BRDA:39,2,0,2
BRDA:39,2,1,1
BRDA:46,3,0,1
BRDA:46,3,1,1
BRDA:58,4,0,1
BRDA:58,4,1,0
BRDA:59,5,0,1
BRDA:59,5,1,1
BRDA:71,6,0,0
BRDA:71,6,1,0
BRDA:94,7,0,0
BRDA:94,7,1,1
BRDA:105,8,0,0
BRDA:105,8,1,1
BRDA:153,9,0,1
BRDA:153,9,1,2
BRDA:160,10,0,0
BRDA:160,10,1,2
BRDA:165,11,0,1
BRDA:165,11,1,1
BRDA:165,12,0,2
BRDA:165,12,1,2
BRDA:168,13,0,0
BRDA:168,13,1,1
BRDA:174,14,0,1
BRDA:174,14,1,1
BRDA:174,15,0,2
BRDA:174,15,1,2
BRDA:229,16,0,0
BRDA:229,16,1,2
BRDA:233,17,0,1
BRDA:233,17,1,1
BRF:36
BRH:28
end_of_record
TN:
SF:controllers/login.js
FN:7,(anonymous_0)
FN:32,(anonymous_1)
FN:74,(anonymous_2)
FN:85,(anonymous_3)
FN:94,(anonymous_4)
FN:95,(anonymous_5)
FN:101,(anonymous_6)
FN:111,(anonymous_7)
FN:114,(anonymous_8)
FN:152,(anonymous_9)
FNF:10
FNH:10
FNDA:1,(anonymous_0)
FNDA:1,(anonymous_1)
FNDA:1,(anonymous_2)
FNDA:2,(anonymous_3)
FNDA:2,(anonymous_4)
FNDA:4,(anonymous_5)
FNDA:2,(anonymous_6)
FNDA:2,(anonymous_7)
FNDA:2,(anonymous_8)
FNDA:4,(anonymous_9)
DA:1,2
DA:2,2
DA:3,2
DA:4,2
DA:5,2
DA:7,2
DA:8,1
DA:9,1
DA:11,1
DA:17,1
DA:18,1
DA:28,1
DA:29,1
DA:32,2
DA:33,1
DA:34,1
DA:36,1
DA:37,0
DA:40,1
DA:48,1
DA:52,1
DA:53,1
DA:59,1
DA:61,1
DA:63,1
DA:69,1
DA:72,1
DA:73,1
DA:74,1
DA:77,0
DA:80,1
DA:85,2
DA:92,1
DA:94,1
DA:95,2
DA:96,4
DA:100,1
DA:101,2
DA:104,1
DA:106,1
DA:111,2
DA:114,2
DA:118,1
DA:134,1
DA:147,0
DA:148,0
DA:152,2
DA:153,4
DA:154,4
DA:156,4
DA:158,3
DA:159,1
DA:161,2
DA:162,2
DA:168,2
DA:174,2
DA:180,1
DA:182,1
DA:184,1
DA:193,1
DA:198,1
DA:199,1
DA:203,2
LF:63
LH:59
BRDA:36,0,0,0
BRDA:36,0,1,1
BRDA:72,1,0,1
BRDA:72,1,1,0
BRDA:72,2,0,1
BRDA:72,2,1,1
BRDA:96,3,0,4
BRDA:96,3,1,3
BRDA:156,4,0,1
BRDA:156,4,1,3
BRDA:158,5,0,1
BRDA:158,5,1,2
BRDA:188,6,0,1
BRDA:188,6,1,0
BRF:14
BRH:11
end_of_record
TN:
SF:models/entry.js
FN:31,(anonymous_0)
FNF:1
FNH:1
FNDA:8,(anonymous_0)
DA:1,2
DA:3,2
DA:30,2
DA:32,8
DA:33,8
DA:34,8
DA:35,8
DA:36,8
DA:40,2
DA:42,2
LF:10
LH:10
BRF:0
BRH:0
end_of_record
TN:
SF:models/user.js
FN:17,(anonymous_0)
FNF:1
FNH:1
FNDA:3,(anonymous_0)
DA:1,2
DA:3,2
DA:16,2
DA:18,3
DA:19,3
DA:20,3
DA:21,3
DA:22,3
DA:26,2
DA:28,2
LF:10
LH:10
BRF:0
BRH:0
end_of_record
TN:
SF:utils/config.js
FNF:0
FNH:0
DA:1,2
DA:2,2
DA:4,2
DA:6,2
DA:10,2
DA:11,2
DA:13,2
LF:7
LH:7
BRDA:6,0,0,2
BRDA:6,0,1,0
BRF:2
BRH:1
end_of_record
TN:
SF:utils/logger.js
FN:1,(anonymous_0)
FN:7,(anonymous_1)
FNF:2
FNH:1
FNDA:4,(anonymous_0)
FNDA:0,(anonymous_1)
DA:1,2
DA:2,4
DA:3,0
DA:7,2
DA:8,0
DA:9,0
DA:13,2
LF:7
LH:4
BRDA:2,0,0,0
BRDA:2,0,1,4
BRDA:8,1,0,0
BRDA:8,1,1,0
BRF:4
BRH:1
end_of_record
TN:
SF:utils/loginService.js
FN:1,(anonymous_0)
FN:6,(anonymous_1)
FN:22,(anonymous_2)
FNF:3
FNH:3
FNDA:1,(anonymous_0)
FNDA:64,(anonymous_1)
FNDA:1,(anonymous_2)
DA:1,2
DA:3,1
DA:4,1
DA:5,1
DA:6,64
DA:10,1
DA:11,1
DA:12,1
DA:13,1
DA:19,1
DA:22,2
DA:23,1
DA:25,1
DA:26,1
DA:27,16
DA:29,1
DA:32,2
LF:17
LH:17
BRF:0
BRH:0
end_of_record
TN:
SF:utils/middleware.js
FN:4,(anonymous_0)
FN:13,(anonymous_1)
FNF:2
FNH:2
FNDA:18,(anonymous_0)
FNDA:12,(anonymous_1)
DA:1,2
DA:2,2
DA:4,2
DA:5,18
DA:6,18
DA:7,12
DA:8,12
DA:10,18
DA:13,2
DA:14,12
DA:16,12
DA:17,0
DA:22,12
DA:23,12
DA:28,12
DA:30,12
DA:31,12
DA:32,12
DA:34,0
DA:38,2
LF:20
LH:18
BRDA:6,0,0,12
BRDA:6,0,1,6
BRDA:6,1,0,18
BRDA:6,1,1,12
BRDA:16,2,0,0
BRDA:16,2,1,12
BRF:6
BRH:5
end_of_record
TN:
SF:utils/playlistService.js
FN:4,(anonymous_0)
FN:10,(anonymous_1)
FN:63,(anonymous_2)
FN:79,(anonymous_3)
FN:110,(anonymous_4)
FN:124,(anonymous_5)
FN:140,(anonymous_6)
FN:172,(anonymous_7)
FN:175,(anonymous_8)
FNF:9
FNH:9
FNDA:1,(anonymous_0)
FNDA:1,(anonymous_1)
FNDA:1,(anonymous_2)
FNDA:3,(anonymous_3)
FNDA:3,(anonymous_4)
FNDA:3,(anonymous_5)
FNDA:1,(anonymous_6)
FNDA:2,(anonymous_7)
FNDA:4,(anonymous_8)
DA:1,2
DA:2,2
DA:4,2
DA:5,1
DA:6,1
DA:7,1
DA:10,2
DA:28,1
DA:29,1
DA:46,1
DA:53,1
DA:54,1
DA:56,1
DA:58,0
DA:59,0
DA:63,2
DA:64,1
DA:65,1
DA:68,0
DA:69,0
DA:71,0
DA:72,0
DA:73,0
DA:76,0
DA:79,2
DA:80,3
DA:81,3
DA:89,3
DA:91,3
DA:93,3
DA:95,2
DA:100,1
DA:105,0
DA:106,0
DA:110,2
DA:111,3
DA:112,3
DA:114,3
DA:115,3
DA:116,3
DA:121,3
DA:122,3
DA:124,3
DA:126,3
DA:127,2
DA:130,1
DA:132,0
DA:133,0
DA:137,1
DA:140,2
DA:141,1
DA:142,1
DA:148,1
DA:155,1
DA:160,1
DA:162,1
DA:164,0
DA:168,0
DA:172,2
DA:173,2
DA:174,2
DA:175,4
DA:176,2
DA:179,2
DA:186,2
DA:191,2
DA:193,0
DA:194,0
DA:198,2
LF:69
LH:53
BRDA:64,0,0,1
BRDA:64,0,1,0
BRDA:72,1,0,0
BRDA:72,1,1,0
BRDA:93,2,0,2
BRDA:93,2,1,1
BRDA:105,3,0,0
BRDA:105,3,1,0
BRDA:126,4,0,2
BRDA:126,4,1,1
BRDA:132,5,0,0
BRDA:132,5,1,0
BRDA:166,6,0,0
BRDA:166,6,1,0
BRF:14
BRH:5
end_of_record
